[2022-04-21T12:49:07.535] [DEBUG] cheese - login => username:zs,password:123123
[2022-04-21T12:49:07.537] [DEBUG] cheese - zs
[2022-04-21T12:49:07.548] [DEBUG] cheese - { inspect: [Function: inspect] }
[2022-04-21T12:49:07.549] [DEBUG] cheese - 查询失败
[2022-04-21T12:49:42.065] [DEBUG] cheese - login => username:admin,password:123456
[2022-04-21T12:49:42.065] [DEBUG] cheese - admin
[2022-04-21T12:49:42.067] [DEBUG] cheese - { inspect: [Function: inspect] }
[2022-04-21T12:49:42.067] [DEBUG] cheese - 查询失败
[2022-04-21T12:55:02.368] [DEBUG] cheese - login => username:admin,password:123456
[2022-04-21T12:55:02.368] [DEBUG] cheese - admin
[2022-04-21T12:55:02.370] [DEBUG] cheese - { inspect: [Function: inspect] }
[2022-04-21T12:55:02.370] [DEBUG] cheese - 查询失败
[2022-04-21T12:55:03.546] [DEBUG] cheese - login => username:admin,password:123456
[2022-04-21T12:55:03.546] [DEBUG] cheese - admin
[2022-04-21T12:55:03.548] [DEBUG] cheese - { inspect: [Function: inspect] }
[2022-04-21T12:55:03.548] [DEBUG] cheese - 查询失败
[2022-04-21T12:55:04.181] [DEBUG] cheese - login => username:admin,password:123456
[2022-04-21T12:55:04.181] [DEBUG] cheese - admin
[2022-04-21T12:55:04.183] [DEBUG] cheese - { inspect: [Function: inspect] }
[2022-04-21T12:55:04.183] [DEBUG] cheese - 查询失败
[2022-04-21T12:58:11.848] [DEBUG] cheese - login => username:admin,password:123456
[2022-04-21T12:58:11.849] [DEBUG] cheese - admin
[2022-04-21T12:58:11.857] [DEBUG] cheese - { inspect: [Function: inspect] }
[2022-04-21T12:58:11.859] [DEBUG] cheese - 查询失败
[2022-04-21T15:35:49.432] [DEBUG] cheese - login => username:admin,password:123456
[2022-04-21T15:35:49.434] [DEBUG] cheese - admin
[2022-04-21T15:35:49.442] [DEBUG] cheese - null
[2022-04-21T15:35:49.443] [DEBUG] cheese - null
[2022-04-22T11:19:13.651] [DEBUG] cheese - login => username:123,password:123123
[2022-04-22T11:19:13.652] [DEBUG] cheese - 123
[2022-04-22T11:19:13.660] [DEBUG] cheese - null
[2022-04-22T11:19:13.660] [DEBUG] cheese - null
[2022-04-22T11:21:10.662] [DEBUG] cheese - login => username:123,password:123123
[2022-04-22T11:21:10.662] [DEBUG] cheese - 123
[2022-04-22T11:21:10.664] [DEBUG] cheese - null
[2022-04-22T11:21:10.665] [DEBUG] cheese - null
[2022-04-22T11:23:13.196] [DEBUG] cheese - login => username:123123,password:123123
[2022-04-22T11:23:13.197] [DEBUG] cheese - 123123
[2022-04-22T11:23:13.199] [DEBUG] cheese - null
[2022-04-22T11:23:13.199] [DEBUG] cheese - null
[2022-04-22T11:25:42.173] [DEBUG] cheese - login => username:123,password:123456
[2022-04-22T11:25:42.174] [DEBUG] cheese - 123
[2022-04-22T11:25:42.175] [DEBUG] cheese - null
[2022-04-22T11:25:42.176] [DEBUG] cheese - null
[2022-04-22T11:43:37.815] [DEBUG] cheese - login => username:admin,password:123456
[2022-04-22T11:43:37.815] [DEBUG] cheese - admin
[2022-04-22T11:43:37.819] [DEBUG] cheese - null
[2022-04-22T11:43:37.819] [DEBUG] cheese - null
[2022-04-22T11:43:49.028] [DEBUG] cheese - login => username:admin,password:123456
[2022-04-22T11:43:49.028] [DEBUG] cheese - admin
[2022-04-22T11:43:49.030] [DEBUG] cheese - null
[2022-04-22T11:43:49.030] [DEBUG] cheese - null
[2022-04-22T11:44:16.017] [DEBUG] cheese - login => username:admin,password:123456
[2022-04-22T11:44:16.017] [DEBUG] cheese - admin
[2022-04-22T11:44:16.019] [DEBUG] cheese - null
[2022-04-22T11:44:16.019] [DEBUG] cheese - null
[2022-04-22T11:48:50.931] [DEBUG] cheese - login => username:admin,password:123456
[2022-04-22T11:48:50.931] [DEBUG] cheese - admin
[2022-04-22T11:48:50.933] [DEBUG] cheese - null
[2022-04-22T11:48:50.933] [DEBUG] cheese - null
[2022-04-22T12:03:41.215] [DEBUG] cheese - login => username:admin,password:123456
[2022-04-22T12:03:41.215] [DEBUG] cheese - admin
[2022-04-22T12:03:41.217] [DEBUG] cheese - null
[2022-04-22T12:03:41.217] [DEBUG] cheese - null
[2022-04-22T12:08:24.249] [DEBUG] cheese - login => username:admin,password:123456
[2022-04-22T12:08:24.249] [DEBUG] cheese - admin
[2022-04-22T12:08:24.251] [DEBUG] cheese - null
[2022-04-22T12:08:24.251] [DEBUG] cheese - null
[2022-04-22T15:28:03.442] [DEBUG] cheese - login => username:admin,password:123456
[2022-04-22T15:28:03.442] [DEBUG] cheese - admin
[2022-04-22T15:28:03.446] [DEBUG] cheese - null
[2022-04-22T15:28:03.446] [DEBUG] cheese - null
[2022-04-22T16:38:34.574] [DEBUG] cheese - login => username:admin,password:123456
[2022-04-22T16:39:20.670] [DEBUG] cheese - login => username:admin,password:123456
[2022-04-22T16:39:20.671] [DEBUG] cheese - admin
[2022-04-22T16:39:20.680] [DEBUG] cheese - null
[2022-04-22T16:39:20.680] [DEBUG] cheese - null
[2022-04-22T16:40:50.557] [DEBUG] cheese - login => username:admin,password:123456
[2022-04-22T16:40:50.558] [DEBUG] cheese - admin
[2022-04-22T16:40:50.560] [DEBUG] cheese - null
[2022-04-22T16:40:50.561] [DEBUG] cheese - null
[2022-04-22T16:41:46.160] [DEBUG] cheese - login => username:admin,password:123456
[2022-04-22T16:41:46.160] [DEBUG] cheese - admin
[2022-04-22T16:41:46.163] [DEBUG] cheese - null
[2022-04-22T16:41:46.163] [DEBUG] cheese - null
[2022-04-22T16:47:03.740] [DEBUG] cheese - login => username:admin,password:123456
[2022-04-22T16:47:03.740] [DEBUG] cheese - admin
[2022-04-22T16:47:03.742] [DEBUG] cheese - null
[2022-04-22T16:47:03.743] [DEBUG] cheese - null
[2022-04-22T18:24:08.836] [DEBUG] cheese - login => username:admin,password:123456
[2022-04-22T18:24:08.836] [DEBUG] cheese - admin
[2022-04-22T18:24:08.838] [DEBUG] cheese - null
[2022-04-22T18:24:08.839] [DEBUG] cheese - null
[2022-04-22T18:24:31.577] [DEBUG] cheese - login => username:admin,password:123456
[2022-04-22T18:24:31.577] [DEBUG] cheese - admin
[2022-04-22T18:24:31.578] [DEBUG] cheese - null
[2022-04-22T18:24:31.578] [DEBUG] cheese - null
[2022-04-22T18:32:51.355] [DEBUG] cheese - login => username:admin,password:123456
[2022-04-22T18:32:51.355] [DEBUG] cheese - admin
[2022-04-22T18:32:51.357] [DEBUG] cheese - null
[2022-04-22T18:32:51.357] [DEBUG] cheese - null
[2022-04-23T09:34:54.429] [DEBUG] cheese - login => username:admin,password:123456
[2022-04-23T09:34:54.431] [DEBUG] cheese - admin
[2022-04-23T09:34:54.514] [DEBUG] cheese - null
[2022-04-23T09:34:54.514] [DEBUG] cheese - null
[2022-04-24T09:50:55.916] [DEBUG] cheese - login => username:admin,password:123456
[2022-04-24T09:50:55.918] [DEBUG] cheese - admin
[2022-04-24T09:50:55.926] [DEBUG] cheese - null
[2022-04-24T09:50:55.926] [DEBUG] cheese - null
[2022-04-24T15:11:45.169] [DEBUG] cheese - login => username:admin,password:123456
[2022-04-24T15:11:45.170] [DEBUG] cheese - admin
[2022-04-24T15:11:45.173] [DEBUG] cheese - null
[2022-04-24T15:11:45.173] [DEBUG] cheese - null
[2022-04-25T09:57:56.855] [DEBUG] cheese - login => username:admin,password:123456
[2022-04-25T09:57:56.859] [DEBUG] cheese - admin
[2022-04-25T09:57:56.926] [DEBUG] cheese - null
[2022-04-25T09:57:56.927] [DEBUG] cheese - null
[2022-04-25T10:09:16.983] [DEBUG] cheese - login => username:admin,password:123456
[2022-04-25T10:09:16.985] [DEBUG] cheese - admin
[2022-04-25T10:09:16.992] [DEBUG] cheese - null
[2022-04-25T10:09:16.992] [DEBUG] cheese - null
[2022-04-25T14:37:18.661] [DEBUG] cheese - login => username:admin,password:123456
[2022-04-25T14:37:18.662] [DEBUG] cheese - admin
[2022-04-25T14:37:18.673] [DEBUG] cheese - null
[2022-04-25T14:37:18.673] [DEBUG] cheese - null
[2022-04-25T15:11:53.667] [DEBUG] cheese - null
[2022-04-25T15:12:14.542] [DEBUG] cheese - null
[2022-04-25T15:12:27.744] [DEBUG] cheese - null
[2022-04-25T15:13:08.580] [DEBUG] cheese - null
[2022-04-25T15:13:13.955] [DEBUG] cheese - null
[2022-04-25T15:13:58.513] [DEBUG] cheese - null
[2022-04-26T10:00:31.440] [DEBUG] cheese - login => username:admin,password:123456
[2022-04-26T10:00:31.441] [DEBUG] cheese - admin
[2022-04-26T10:00:31.490] [DEBUG] cheese - null
[2022-04-26T10:00:31.491] [DEBUG] cheese - null
[2022-04-26T10:44:39.579] [DEBUG] cheese - login => username:admin,password:123456
[2022-04-26T10:44:39.580] [DEBUG] cheese - admin
[2022-04-26T10:44:39.590] [DEBUG] cheese - null
[2022-04-26T10:44:39.590] [DEBUG] cheese - null
[2022-04-26T15:38:13.247] [DEBUG] cheese - login => username:admin,password:123456
[2022-04-26T15:38:13.249] [DEBUG] cheese - admin
[2022-04-26T15:38:13.258] [DEBUG] cheese - null
[2022-04-26T15:38:13.259] [DEBUG] cheese - null
[2022-04-28T17:15:36.369] [DEBUG] cheese - login => username:admin,password:123456
[2022-04-28T17:15:36.370] [DEBUG] cheese - admin
[2022-04-28T17:15:36.421] [DEBUG] cheese - null
[2022-04-28T17:15:36.421] [DEBUG] cheese - null
[2022-04-28T20:12:25.134] [DEBUG] cheese - login => username:admin,password:123456
[2022-04-28T20:12:25.135] [DEBUG] cheese - admin
[2022-04-28T20:12:25.146] [DEBUG] cheese - null
[2022-04-28T20:12:25.146] [DEBUG] cheese - null
[2022-04-29T15:39:53.325] [DEBUG] cheese - login => username:admin,password:123456
[2022-04-29T15:39:53.326] [DEBUG] cheese - admin
[2022-04-29T15:39:53.337] [DEBUG] cheese - null
[2022-04-29T15:39:53.337] [DEBUG] cheese - null
[2022-04-30T09:09:05.581] [DEBUG] cheese - login => username:admin,password:123456
[2022-04-30T09:09:05.582] [DEBUG] cheese - admin
[2022-04-30T09:09:05.635] [DEBUG] cheese - null
[2022-04-30T09:09:05.635] [DEBUG] cheese - null
[2022-04-30T11:22:38.204] [DEBUG] cheese - login => username:admin,password:123456
[2022-04-30T11:22:38.205] [DEBUG] cheese - admin
[2022-04-30T11:22:38.215] [DEBUG] cheese - null
[2022-04-30T11:22:38.215] [DEBUG] cheese - null
[2022-04-30T11:37:51.470] [DEBUG] cheese - login => username:admin,password:123456
[2022-04-30T11:37:51.470] [DEBUG] cheese - admin
[2022-04-30T11:37:51.473] [DEBUG] cheese - null
[2022-04-30T11:37:51.473] [DEBUG] cheese - null
[2022-04-30T15:10:24.327] [DEBUG] cheese - login => username:admin,password:123456
[2022-04-30T15:10:24.327] [DEBUG] cheese - admin
[2022-04-30T15:10:24.330] [DEBUG] cheese - null
[2022-04-30T15:10:24.330] [DEBUG] cheese - null
[2022-04-30T16:53:54.728] [DEBUG] cheese - login => username:admin,password:123456
[2022-04-30T16:53:54.730] [DEBUG] cheese - admin
[2022-04-30T16:53:54.734] [DEBUG] cheese - null
[2022-04-30T16:53:54.735] [DEBUG] cheese - null
[2022-04-30T17:40:15.749] [DEBUG] cheese - login => username:admin,password:123456
[2022-04-30T17:40:15.749] [DEBUG] cheese - admin
[2022-04-30T17:40:15.751] [DEBUG] cheese - null
[2022-04-30T17:40:15.751] [DEBUG] cheese - null
[2022-04-30T17:46:36.946] [DEBUG] cheese - login => username:admin,password:123456
[2022-04-30T17:46:36.946] [DEBUG] cheese - admin
[2022-04-30T17:46:36.948] [DEBUG] cheese - null
[2022-04-30T17:46:36.948] [DEBUG] cheese - null
[2022-04-30T17:51:01.496] [DEBUG] cheese - login => username:admin,password:123456
[2022-04-30T17:51:01.496] [DEBUG] cheese - admin
[2022-04-30T17:51:01.497] [DEBUG] cheese - null
[2022-04-30T17:51:01.497] [DEBUG] cheese - null
[2023-03-27T11:15:29.402] [DEBUG] cheese - login => username:admin,password:123456
[2023-03-27T11:15:29.405] [DEBUG] cheese - admin
[2023-03-27T11:15:29.775] [DEBUG] cheese - null
[2023-03-27T11:15:29.775] [DEBUG] cheese - null
